<?xml version="1.0" encoding="utf-8"?>
<test-run id="2" testcasecount="44" result="Passed" total="44" passed="44" failed="0" inconclusive="0" skipped="0" asserts="0" engine-version="3.5.0.0" clr-version="4.0.30319.42000" start-time="2026-05-28 14:46:36Z" end-time="2026-05-28 14:46:36Z" duration="0.1458663">
  <test-suite type="TestSuite" id="1000" name="IronCrown" fullname="IronCrown" runstate="Runnable" testcasecount="44" result="Passed" start-time="2026-05-28 14:46:36Z" end-time="2026-05-28 14:46:36Z" duration="0.145866" total="44" passed="44" failed="0" inconclusive="0" skipped="0" asserts="0">
    <properties>
      <property name="platform" value="EditMode" />
    </properties>
    <test-suite type="Assembly" id="1014" name="IronCrown.Application.Tests.dll" fullname="E:/IronCrown/Library/ScriptAssemblies/IronCrown.Application.Tests.dll" runstate="Runnable" testcasecount="10" result="Passed" start-time="2026-05-28 14:46:36Z" end-time="2026-05-28 14:46:36Z" duration="0.032805" total="10" passed="10" failed="0" inconclusive="0" skipped="0" asserts="0">
      <properties>
        <property name="_PID" value="32580" />
        <property name="_APPDOMAIN" value="Unity Child Domain" />
        <property name="platform" value="EditMode" />
        <property name="EditorOnly" value="True" />
      </properties>
      <test-suite type="TestSuite" id="1015" name="IronCrown" fullname="IronCrown" runstate="Runnable" testcasecount="10" result="Passed" start-time="2026-05-28 14:46:36Z" end-time="2026-05-28 14:46:36Z" duration="0.032602" total="10" passed="10" failed="0" inconclusive="0" skipped="0" asserts="0">
        <properties />
        <test-suite type="TestSuite" id="1016" name="Application" fullname="IronCrown.Application" runstate="Runnable" testcasecount="10" result="Passed" start-time="2026-05-28 14:46:36Z" end-time="2026-05-28 14:46:36Z" duration="0.032536" total="10" passed="10" failed="0" inconclusive="0" skipped="0" asserts="0">
          <properties />
          <test-suite type="TestSuite" id="1017" name="Tests" fullname="IronCrown.Application.Tests" runstate="Runnable" testcasecount="10" result="Passed" start-time="2026-05-28 14:46:36Z" end-time="2026-05-28 14:46:36Z" duration="0.032454" total="10" passed="10" failed="0" inconclusive="0" skipped="0" asserts="0">
            <properties />
            <test-suite type="TestFixture" id="1001" name="GameSessionServiceTests" fullname="IronCrown.Application.Tests.GameSessionServiceTests" classname="IronCrown.Application.Tests.GameSessionServiceTests" runstate="Runnable" testcasecount="3" result="Passed" start-time="2026-05-28 14:46:36Z" end-time="2026-05-28 14:46:36Z" duration="0.024519" total="3" passed="3" failed="0" inconclusive="0" skipped="0" asserts="0">
              <properties />
              <test-case id="1003" name="AdvancePhase_ProgressesClock" fullname="IronCrown.Application.Tests.GameSessionServiceTests.AdvancePhase_ProgressesClock" methodname="AdvancePhase_ProgressesClock" classname="IronCrown.Application.Tests.GameSessionServiceTests" runstate="Runnable" seed="1382774695" result="Passed" start-time="2026-05-28 14:46:36Z" end-time="2026-05-28 14:46:36Z" duration="0.014357" asserts="0">
                <properties>
                  <property name="retryIteration" value="0" />
                  <property name="repeatIteration" value="0" />
                </properties>
              </test-case>
              <test-case id="1004" name="GetWorldView_ReturnsNullBeforeNewGame" fullname="IronCrown.Application.Tests.GameSessionServiceTests.GetWorldView_ReturnsNullBeforeNewGame" methodname="GetWorldView_ReturnsNullBeforeNewGame" classname="IronCrown.Application.Tests.GameSessionServiceTests" runstate="Runnable" seed="1657063070" result="Passed" start-time="2026-05-28 14:46:36Z" end-time="2026-05-28 14:46:36Z" duration="0.000262" asserts="0">
                <properties>
                  <property name="retryIteration" value="0" />
                  <property name="repeatIteration" value="0" />
                </properties>
              </test-case>
              <test-case id="1002" name="NewGame_CreatesWorld" fullname="IronCrown.Application.Tests.GameSessionServiceTests.NewGame_CreatesWorld" methodname="NewGame_CreatesWorld" classname="IronCrown.Application.Tests.GameSessionServiceTests" runstate="Runnable" seed="2043842093" result="Passed" start-time="2026-05-28 14:46:36Z" end-time="2026-05-28 14:46:36Z" duration="0.001189" asserts="0">
                <properties>
                  <property name="retryIteration" value="0" />
                  <property name="repeatIteration" value="0" />
                </properties>
              </test-case>
            </test-suite>
            <test-suite type="TestFixture" id="1005" name="ReadModelBuilderTests" fullname="IronCrown.Application.Tests.ReadModelBuilderTests" classname="IronCrown.Application.Tests.ReadModelBuilderTests" runstate="Runnable" testcasecount="4" result="Passed" start-time="2026-05-28 14:46:36Z" end-time="2026-05-28 14:46:36Z" duration="0.002273" total="4" passed="4" failed="0" inconclusive="0" skipped="0" asserts="0">
              <properties />
              <test-case id="1008" name="BuildCountryView_IdeologyIsString" fullname="IronCrown.Application.Tests.ReadModelBuilderTests.BuildCountryView_IdeologyIsString" methodname="BuildCountryView_IdeologyIsString" classname="IronCrown.Application.Tests.ReadModelBuilderTests" runstate="Runnable" seed="2028725575" result="Passed" start-time="2026-05-28 14:46:36Z" end-time="2026-05-28 14:46:36Z" duration="0.000627" asserts="0">
                <properties>
                  <property name="retryIteration" value="0" />
                  <property name="repeatIteration" value="0" />
                </properties>
              </test-case>
              <test-case id="1009" name="BuildCountryView_ResourcesAreCopied" fullname="IronCrown.Application.Tests.ReadModelBuilderTests.BuildCountryView_ResourcesAreCopied" methodname="BuildCountryView_ResourcesAreCopied" classname="IronCrown.Application.Tests.ReadModelBuilderTests" runstate="Runnable" seed="1898091464" result="Passed" start-time="2026-05-28 14:46:36Z" end-time="2026-05-28 14:46:36Z" duration="0.000208" asserts="0">
                <properties>
                  <property name="retryIteration" value="0" />
                  <property name="repeatIteration" value="0" />
                </properties>
              </test-case>
              <test-case id="1007" name="BuildWorldView_CountriesSortedById" fullname="IronCrown.Application.Tests.ReadModelBuilderTests.BuildWorldView_CountriesSortedById" methodname="BuildWorldView_CountriesSortedById" classname="IronCrown.Application.Tests.ReadModelBuilderTests" runstate="Runnable" seed="1913133892" result="Passed" start-time="2026-05-28 14:46:36Z" end-time="2026-05-28 14:46:36Z" duration="0.000402" asserts="0">
                <properties>
                  <property name="retryIteration" value="0" />
                  <property name="repeatIteration" value="0" />
                </properties>
              </test-case>
              <test-case id="1006" name="BuildWorldView_MapsFieldsCorrectly" fullname="IronCrown.Application.Tests.ReadModelBuilderTests.BuildWorldView_MapsFieldsCorrectly" methodname="BuildWorldView_MapsFieldsCorrectly" classname="IronCrown.Application.Tests.ReadModelBuilderTests" runstate="Runnable" seed="2075521835" result="Passed" start-time="2026-05-28 14:46:36Z" end-time="2026-05-28 14:46:36Z" duration="0.000246" asserts="0">
                <properties>
                  <property name="retryIteration" value="0" />
                  <property name="repeatIteration" value="0" />
                </properties>
              </test-case>
            </test-suite>
            <test-suite type="TestFixture" id="1010" name="SaveMapperTests" fullname="IronCrown.Application.Tests.SaveMapperTests" classname="IronCrown.Application.Tests.SaveMapperTests" runstate="Runnable" testcasecount="3" result="Passed" start-time="2026-05-28 14:46:36Z" end-time="2026-05-28 14:46:36Z" duration="0.004979" total="3" passed="3" failed="0" inconclusive="0" skipped="0" asserts="0">
              <properties />
              <test-case id="1011" name="RoundTrip_CountryData_Preserved" fullname="IronCrown.Application.Tests.SaveMapperTests.RoundTrip_CountryData_Preserved" methodname="RoundTrip_CountryData_Preserved" classname="IronCrown.Application.Tests.SaveMapperTests" runstate="Runnable" seed="1019938148" result="Passed" start-time="2026-05-28 14:46:36Z" end-time="2026-05-28 14:46:36Z" duration="0.003842" asserts="0">
                <properties>
                  <property name="retryIteration" value="0" />
                  <property name="repeatIteration" value="0" />
                </properties>
              </test-case>
              <test-case id="1012" name="RoundTrip_ProvinceData_Preserved" fullname="IronCrown.Application.Tests.SaveMapperTests.RoundTrip_ProvinceData_Preserved" methodname="RoundTrip_ProvinceData_Preserved" classname="IronCrown.Application.Tests.SaveMapperTests" runstate="Runnable" seed="832090037" result="Passed" start-time="2026-05-28 14:46:36Z" end-time="2026-05-28 14:46:36Z" duration="0.000359" asserts="0">
                <properties>
                  <property name="retryIteration" value="0" />
                  <property name="repeatIteration" value="0" />
                </properties>
              </test-case>
              <test-case id="1013" name="RoundTrip_UnitData_Preserved" fullname="IronCrown.Application.Tests.SaveMapperTests.RoundTrip_UnitData_Preserved" methodname="RoundTrip_UnitData_Preserved" classname="IronCrown.Application.Tests.SaveMapperTests" runstate="Runnable" seed="1140098521" result="Passed" start-time="2026-05-28 14:46:36Z" end-time="2026-05-28 14:46:36Z" duration="0.000287" asserts="0">
                <properties>
                  <property name="retryIteration" value="0" />
                  <property name="repeatIteration" value="0" />
                </properties>
              </test-case>
            </test-suite>
          </test-suite>
        </test-suite>
      </test-suite>
    </test-suite>
    <test-suite type="Assembly" id="1036" name="IronCrown.Config.Validation.Tests.dll" fullname="E:/IronCrown/Library/ScriptAssemblies/IronCrown.Config.Validation.Tests.dll" runstate="Runnable" testcasecount="17" result="Passed" start-time="2026-05-28 14:46:36Z" end-time="2026-05-28 14:46:36Z" duration="0.098191" total="17" passed="17" failed="0" inconclusive="0" skipped="0" asserts="0">
      <properties>
        <property name="_PID" value="32580" />
        <property name="_APPDOMAIN" value="Unity Child Domain" />
        <property name="platform" value="EditMode" />
        <property name="EditorOnly" value="True" />
      </properties>
      <test-suite type="TestSuite" id="1037" name="IronCrown" fullname="IronCrown" runstate="Runnable" testcasecount="17" result="Passed" start-time="2026-05-28 14:46:36Z" end-time="2026-05-28 14:46:36Z" duration="0.098045" total="17" passed="17" failed="0" inconclusive="0" skipped="0" asserts="0">
        <properties />
        <test-suite type="TestSuite" id="1038" name="Config" fullname="IronCrown.Config" runstate="Runnable" testcasecount="17" result="Passed" start-time="2026-05-28 14:46:36Z" end-time="2026-05-28 14:46:36Z" duration="0.097954" total="17" passed="17" failed="0" inconclusive="0" skipped="0" asserts="0">
          <properties />
          <test-suite type="TestSuite" id="1039" name="Validation" fullname="IronCrown.Config.Validation" runstate="Runnable" testcasecount="17" result="Passed" start-time="2026-05-28 14:46:36Z" end-time="2026-05-28 14:46:36Z" duration="0.097895" total="17" passed="17" failed="0" inconclusive="0" skipped="0" asserts="0">
            <properties />
            <test-suite type="TestSuite" id="1040" name="Tests" fullname="IronCrown.Config.Validation.Tests" runstate="Runnable" testcasecount="17" result="Passed" start-time="2026-05-28 14:46:36Z" end-time="2026-05-28 14:46:36Z" duration="0.097827" total="17" passed="17" failed="0" inconclusive="0" skipped="0" asserts="0">
              <properties />
              <test-suite type="TestFixture" id="1018" name="ConfigValidationTests" fullname="IronCrown.Config.Validation.Tests.ConfigValidationTests" classname="IronCrown.Config.Validation.Tests.ConfigValidationTests" runstate="Runnable" testcasecount="17" result="Passed" start-time="2026-05-28 14:46:36Z" end-time="2026-05-28 14:46:36Z" duration="0.097672" total="17" passed="17" failed="0" inconclusive="0" skipped="0" asserts="0">
                <properties />
                <test-case id="1034" name="AllTables_IdAndNameNotEmpty" fullname="IronCrown.Config.Validation.Tests.ConfigValidationTests.AllTables_IdAndNameNotEmpty" methodname="AllTables_IdAndNameNotEmpty" classname="IronCrown.Config.Validation.Tests.ConfigValidationTests" runstate="Runnable" seed="821676690" result="Passed" start-time="2026-05-28 14:46:36Z" end-time="2026-05-28 14:46:36Z" duration="0.000608" asserts="0">
                  <properties>
                    <property name="retryIteration" value="0" />
                    <property name="repeatIteration" value="0" />
                  </properties>
                </test-case>
                <test-case id="1031" name="Countries_CapitalProvinceExists" fullname="IronCrown.Config.Validation.Tests.ConfigValidationTests.Countries_CapitalProvinceExists" methodname="Countries_CapitalProvinceExists" classname="IronCrown.Config.Validation.Tests.ConfigValidationTests" runstate="Runnable" seed="1699827769" result="Passed" start-time="2026-05-28 14:46:36Z" end-time="2026-05-28 14:46:36Z" duration="0.000598" asserts="0">
                  <properties>
                    <property name="retryIteration" value="0" />
                    <property name="repeatIteration" value="0" />
                  </properties>
                </test-case>
                <test-case id="1035" name="Countries_ClampedValues" fullname="IronCrown.Config.Validation.Tests.ConfigValidationTests.Countries_ClampedValues" methodname="Countries_ClampedValues" classname="IronCrown.Config.Validation.Tests.ConfigValidationTests" runstate="Runnable" seed="1459696314" result="Passed" start-time="2026-05-28 14:46:36Z" end-time="2026-05-28 14:46:36Z" duration="0.002340" asserts="0">
                  <properties>
                    <property name="retryIteration" value="0" />
                    <property name="repeatIteration" value="0" />
                  </properties>
                </test-case>
                <test-case id="1021" name="Countries_HasItems" fullname="IronCrown.Config.Validation.Tests.ConfigValidationTests.Countries_HasItems" methodname="Countries_HasItems" classname="IronCrown.Config.Validation.Tests.ConfigValidationTests" runstate="Runnable" seed="1832886276" result="Passed" start-time="2026-05-28 14:46:36Z" end-time="2026-05-28 14:46:36Z" duration="0.000109" asserts="0">
                  <properties>
                    <property name="retryIteration" value="0" />
                    <property name="repeatIteration" value="0" />
                  </properties>
                </test-case>
                <test-case id="1027" name="Countries_IdeologyValid" fullname="IronCrown.Config.Validation.Tests.ConfigValidationTests.Countries_IdeologyValid" methodname="Countries_IdeologyValid" classname="IronCrown.Config.Validation.Tests.ConfigValidationTests" runstate="Runnable" seed="539672805" result="Passed" start-time="2026-05-28 14:46:36Z" end-time="2026-05-28 14:46:36Z" duration="0.000704" asserts="0">
                  <properties>
                    <property name="retryIteration" value="0" />
                    <property name="repeatIteration" value="0" />
                  </properties>
                </test-case>
                <test-case id="1030" name="Countries_ResourcesKeysExistInResources" fullname="IronCrown.Config.Validation.Tests.ConfigValidationTests.Countries_ResourcesKeysExistInResources" methodname="Countries_ResourcesKeysExistInResources" classname="IronCrown.Config.Validation.Tests.ConfigValidationTests" runstate="Runnable" seed="377323354" result="Passed" start-time="2026-05-28 14:46:36Z" end-time="2026-05-28 14:46:36Z" duration="0.000593" asserts="0">
                  <properties>
                    <property name="retryIteration" value="0" />
                    <property name="repeatIteration" value="0" />
                  </properties>
                </test-case>
                <test-case id="1025" name="Countries_UniqueIds" fullname="IronCrown.Config.Validation.Tests.ConfigValidationTests.Countries_UniqueIds" methodname="Countries_UniqueIds" classname="IronCrown.Config.Validation.Tests.ConfigValidationTests" runstate="Runnable" seed="990080253" result="Passed" start-time="2026-05-28 14:46:36Z" end-time="2026-05-28 14:46:36Z" duration="0.000752" asserts="0">
                  <properties>
                    <property name="retryIteration" value="0" />
                    <property name="repeatIteration" value="0" />
                  </properties>
                </test-case>
                <test-case id="1022" name="Provinces_HasItems" fullname="IronCrown.Config.Validation.Tests.ConfigValidationTests.Provinces_HasItems" methodname="Provinces_HasItems" classname="IronCrown.Config.Validation.Tests.ConfigValidationTests" runstate="Runnable" seed="727302181" result="Passed" start-time="2026-05-28 14:46:36Z" end-time="2026-05-28 14:46:36Z" duration="0.000094" asserts="0">
                  <properties>
                    <property name="retryIteration" value="0" />
                    <property name="repeatIteration" value="0" />
                  </properties>
                </test-case>
                <test-case id="1032" name="Provinces_OwnerCountryExists" fullname="IronCrown.Config.Validation.Tests.ConfigValidationTests.Provinces_OwnerCountryExists" methodname="Provinces_OwnerCountryExists" classname="IronCrown.Config.Validation.Tests.ConfigValidationTests" runstate="Runnable" seed="1668915452" result="Passed" start-time="2026-05-28 14:46:36Z" end-time="2026-05-28 14:46:36Z" duration="0.000264" asserts="0">
                  <properties>
                    <property name="retryIteration" value="0" />
                    <property name="repeatIteration" value="0" />
                  </properties>
                </test-case>
                <test-case id="1033" name="Provinces_ResourceOutputExistsInResources" fullname="IronCrown.Config.Validation.Tests.ConfigValidationTests.Provinces_ResourceOutputExistsInResources" methodname="Provinces_ResourceOutputExistsInResources" classname="IronCrown.Config.Validation.Tests.ConfigValidationTests" runstate="Runnable" seed="580281634" result="Passed" start-time="2026-05-28 14:46:36Z" end-time="2026-05-28 14:46:36Z" duration="0.000219" asserts="0">
                  <properties>
                    <property name="retryIteration" value="0" />
                    <property name="repeatIteration" value="0" />
                  </properties>
                </test-case>
                <test-case id="1028" name="Provinces_TerrainValid" fullname="IronCrown.Config.Validation.Tests.ConfigValidationTests.Provinces_TerrainValid" methodname="Provinces_TerrainValid" classname="IronCrown.Config.Validation.Tests.ConfigValidationTests" runstate="Runnable" seed="1391054501" result="Passed" start-time="2026-05-28 14:46:36Z" end-time="2026-05-28 14:46:36Z" duration="0.000291" asserts="0">
                  <properties>
                    <property name="retryIteration" value="0" />
                    <property name="repeatIteration" value="0" />
                  </properties>
                </test-case>
                <test-case id="1026" name="Provinces_UniqueIds" fullname="IronCrown.Config.Validation.Tests.ConfigValidationTests.Provinces_UniqueIds" methodname="Provinces_UniqueIds" classname="IronCrown.Config.Validation.Tests.ConfigValidationTests" runstate="Runnable" seed="280801794" result="Passed" start-time="2026-05-28 14:46:36Z" end-time="2026-05-28 14:46:36Z" duration="0.000221" asserts="0">
                  <properties>
                    <property name="retryIteration" value="0" />
                    <property name="repeatIteration" value="0" />
                  </properties>
                </test-case>
                <test-case id="1019" name="Resources_HasItems" fullname="IronCrown.Config.Validation.Tests.ConfigValidationTests.Resources_HasItems" methodname="Resources_HasItems" classname="IronCrown.Config.Validation.Tests.ConfigValidationTests" runstate="Runnable" seed="74741528" result="Passed" start-time="2026-05-28 14:46:36Z" end-time="2026-05-28 14:46:36Z" duration="0.000210" asserts="0">
                  <properties>
                    <property name="retryIteration" value="0" />
                    <property name="repeatIteration" value="0" />
                  </properties>
                </test-case>
                <test-case id="1023" name="Resources_UniqueIds" fullname="IronCrown.Config.Validation.Tests.ConfigValidationTests.Resources_UniqueIds" methodname="Resources_UniqueIds" classname="IronCrown.Config.Validation.Tests.ConfigValidationTests" runstate="Runnable" seed="131389069" result="Passed" start-time="2026-05-28 14:46:36Z" end-time="2026-05-28 14:46:36Z" duration="0.000200" asserts="0">
                  <properties>
                    <property name="retryIteration" value="0" />
                    <property name="repeatIteration" value="0" />
                  </properties>
                </test-case>
                <test-case id="1029" name="Units_CostKeysExistInResources" fullname="IronCrown.Config.Validation.Tests.ConfigValidationTests.Units_CostKeysExistInResources" methodname="Units_CostKeysExistInResources" classname="IronCrown.Config.Validation.Tests.ConfigValidationTests" runstate="Runnable" seed="1050935598" result="Passed" start-time="2026-05-28 14:46:36Z" end-time="2026-05-28 14:46:36Z" duration="0.000334" asserts="0">
                  <properties>
                    <property name="retryIteration" value="0" />
                    <property name="repeatIteration" value="0" />
                  </properties>
                </test-case>
                <test-case id="1020" name="Units_HasItems" fullname="IronCrown.Config.Validation.Tests.ConfigValidationTests.Units_HasItems" methodname="Units_HasItems" classname="IronCrown.Config.Validation.Tests.ConfigValidationTests" runstate="Runnable" seed="854029256" result="Passed" start-time="2026-05-28 14:46:36Z" end-time="2026-05-28 14:46:36Z" duration="0.000074" asserts="0">
                  <properties>
                    <property name="retryIteration" value="0" />
                    <property name="repeatIteration" value="0" />
                  </properties>
                </test-case>
                <test-case id="1024" name="Units_UniqueIds" fullname="IronCrown.Config.Validation.Tests.ConfigValidationTests.Units_UniqueIds" methodname="Units_UniqueIds" classname="IronCrown.Config.Validation.Tests.ConfigValidationTests" runstate="Runnable" seed="100917848" result="Passed" start-time="2026-05-28 14:46:36Z" end-time="2026-05-28 14:46:36Z" duration="0.000175" asserts="0">
                  <properties>
                    <property name="retryIteration" value="0" />
                    <property name="repeatIteration" value="0" />
                  </properties>
                </test-case>
              </test-suite>
            </test-suite>
          </test-suite>
        </test-suite>
      </test-suite>
    </test-suite>
    <test-suite type="Assembly" id="1058" name="IronCrown.Domain.Tests.dll" fullname="E:/IronCrown/Library/ScriptAssemblies/IronCrown.Domain.Tests.dll" runstate="Runnable" testcasecount="14" result="Passed" start-time="2026-05-28 14:46:36Z" end-time="2026-05-28 14:46:36Z" duration="0.007831" total="14" passed="14" failed="0" inconclusive="0" skipped="0" asserts="0">
      <properties>
        <property name="_PID" value="32580" />
        <property name="_APPDOMAIN" value="Unity Child Domain" />
        <property name="platform" value="EditMode" />
        <property name="EditorOnly" value="True" />
      </properties>
      <test-suite type="TestSuite" id="1059" name="IronCrown" fullname="IronCrown" runstate="Runnable" testcasecount="14" result="Passed" start-time="2026-05-28 14:46:36Z" end-time="2026-05-28 14:46:36Z" duration="0.007599" total="14" passed="14" failed="0" inconclusive="0" skipped="0" asserts="0">
        <properties />
        <test-suite type="TestSuite" id="1060" name="Domain" fullname="IronCrown.Domain" runstate="Runnable" testcasecount="14" result="Passed" start-time="2026-05-28 14:46:36Z" end-time="2026-05-28 14:46:36Z" duration="0.007533" total="14" passed="14" failed="0" inconclusive="0" skipped="0" asserts="0">
          <properties />
          <test-suite type="TestSuite" id="1061" name="Tests" fullname="IronCrown.Domain.Tests" runstate="Runnable" testcasecount="14" result="Passed" start-time="2026-05-28 14:46:36Z" end-time="2026-05-28 14:46:36Z" duration="0.007460" total="14" passed="14" failed="0" inconclusive="0" skipped="0" asserts="0">
            <properties />
            <test-suite type="TestFixture" id="1041" name="EventBusTests" fullname="IronCrown.Domain.Tests.EventBusTests" classname="IronCrown.Domain.Tests.EventBusTests" runstate="Runnable" testcasecount="4" result="Passed" start-time="2026-05-28 14:46:36Z" end-time="2026-05-28 14:46:36Z" duration="0.001556" total="4" passed="4" failed="0" inconclusive="0" skipped="0" asserts="0">
              <properties />
              <test-case id="1044" name="Clear_RemovesAllSubscriptions" fullname="IronCrown.Domain.Tests.EventBusTests.Clear_RemovesAllSubscriptions" methodname="Clear_RemovesAllSubscriptions" classname="IronCrown.Domain.Tests.EventBusTests" runstate="Runnable" seed="881492500" result="Passed" start-time="2026-05-28 14:46:36Z" end-time="2026-05-28 14:46:36Z" duration="0.000413" asserts="0">
                <properties>
                  <property name="retryIteration" value="0" />
                  <property name="repeatIteration" value="0" />
                </properties>
              </test-case>
              <test-case id="1045" name="MultipleSubscribers_AllReceive" fullname="IronCrown.Domain.Tests.EventBusTests.MultipleSubscribers_AllReceive" methodname="MultipleSubscribers_AllReceive" classname="IronCrown.Domain.Tests.EventBusTests" runstate="Runnable" seed="1246977303" result="Passed" start-time="2026-05-28 14:46:36Z" end-time="2026-05-28 14:46:36Z" duration="0.000175" asserts="0">
                <properties>
                  <property name="retryIteration" value="0" />
                  <property name="repeatIteration" value="0" />
                </properties>
              </test-case>
              <test-case id="1042" name="Subscribe_Publish_ReceivesEvent" fullname="IronCrown.Domain.Tests.EventBusTests.Subscribe_Publish_ReceivesEvent" methodname="Subscribe_Publish_ReceivesEvent" classname="IronCrown.Domain.Tests.EventBusTests" runstate="Runnable" seed="255763148" result="Passed" start-time="2026-05-28 14:46:36Z" end-time="2026-05-28 14:46:36Z" duration="0.000131" asserts="0">
                <properties>
                  <property name="retryIteration" value="0" />
                  <property name="repeatIteration" value="0" />
                </properties>
              </test-case>
              <test-case id="1043" name="Unsubscribe_StopsReceiving" fullname="IronCrown.Domain.Tests.EventBusTests.Unsubscribe_StopsReceiving" methodname="Unsubscribe_StopsReceiving" classname="IronCrown.Domain.Tests.EventBusTests" runstate="Runnable" seed="1655104364" result="Passed" start-time="2026-05-28 14:46:36Z" end-time="2026-05-28 14:46:36Z" duration="0.000265" asserts="0">
                <properties>
                  <property name="retryIteration" value="0" />
                  <property name="repeatIteration" value="0" />
                </properties>
              </test-case>
            </test-suite>
            <test-suite type="TestFixture" id="1046" name="RandomServiceTests" fullname="IronCrown.Domain.Tests.RandomServiceTests" classname="IronCrown.Domain.Tests.RandomServiceTests" runstate="Runnable" testcasecount="6" result="Passed" start-time="2026-05-28 14:46:36Z" end-time="2026-05-28 14:46:36Z" duration="0.004761" total="6" passed="6" failed="0" inconclusive="0" skipped="0" asserts="0">
              <properties />
              <test-case id="1050" name="Range_InBounds" fullname="IronCrown.Domain.Tests.RandomServiceTests.Range_InBounds" methodname="Range_InBounds" classname="IronCrown.Domain.Tests.RandomServiceTests" runstate="Runnable" seed="2038400862" result="Passed" start-time="2026-05-28 14:46:36Z" end-time="2026-05-28 14:46:36Z" duration="0.003428" asserts="0">
                <properties>
                  <property name="retryIteration" value="0" />
                  <property name="repeatIteration" value="0" />
                </properties>
              </test-case>
              <test-case id="1049" name="Reset_NewSeed_NewSequence" fullname="IronCrown.Domain.Tests.RandomServiceTests.Reset_NewSeed_NewSequence" methodname="Reset_NewSeed_NewSequence" classname="IronCrown.Domain.Tests.RandomServiceTests" runstate="Runnable" seed="362759582" result="Passed" start-time="2026-05-28 14:46:36Z" end-time="2026-05-28 14:46:36Z" duration="0.000220" asserts="0">
                <properties>
                  <property name="retryIteration" value="0" />
                  <property name="repeatIteration" value="0" />
                </properties>
              </test-case>
              <test-case id="1048" name="Reset_RestartsSequence" fullname="IronCrown.Domain.Tests.RandomServiceTests.Reset_RestartsSequence" methodname="Reset_RestartsSequence" classname="IronCrown.Domain.Tests.RandomServiceTests" runstate="Runnable" seed="1261925420" result="Passed" start-time="2026-05-28 14:46:36Z" end-time="2026-05-28 14:46:36Z" duration="0.000142" asserts="0">
                <properties>
                  <property name="retryIteration" value="0" />
                  <property name="repeatIteration" value="0" />
                </properties>
              </test-case>
              <test-case id="1052" name="Roll_PercentHundred_AlwaysTrue" fullname="IronCrown.Domain.Tests.RandomServiceTests.Roll_PercentHundred_AlwaysTrue" methodname="Roll_PercentHundred_AlwaysTrue" classname="IronCrown.Domain.Tests.RandomServiceTests" runstate="Runnable" seed="227895455" result="Passed" start-time="2026-05-28 14:46:36Z" end-time="2026-05-28 14:46:36Z" duration="0.000081" asserts="0">
                <properties>
                  <property name="retryIteration" value="0" />
                  <property name="repeatIteration" value="0" />
                </properties>
              </test-case>
              <test-case id="1051" name="Roll_PercentZero_AlwaysFalse" fullname="IronCrown.Domain.Tests.RandomServiceTests.Roll_PercentZero_AlwaysFalse" methodname="Roll_PercentZero_AlwaysFalse" classname="IronCrown.Domain.Tests.RandomServiceTests" runstate="Runnable" seed="1199708731" result="Passed" start-time="2026-05-28 14:46:36Z" end-time="2026-05-28 14:46:36Z" duration="0.000082" asserts="0">
                <properties>
                  <property name="retryIteration" value="0" />
                  <property name="repeatIteration" value="0" />
                </properties>
              </test-case>
              <test-case id="1047" name="SameSeed_SameSequence" fullname="IronCrown.Domain.Tests.RandomServiceTests.SameSeed_SameSequence" methodname="SameSeed_SameSequence" classname="IronCrown.Domain.Tests.RandomServiceTests" runstate="Runnable" seed="208654398" result="Passed" start-time="2026-05-28 14:46:36Z" end-time="2026-05-28 14:46:36Z" duration="0.000147" asserts="0">
                <properties>
                  <property name="retryIteration" value="0" />
                  <property name="repeatIteration" value="0" />
                </properties>
              </test-case>
            </test-suite>
            <test-suite type="TestFixture" id="1053" name="WorldStateTests" fullname="IronCrown.Domain.Tests.WorldStateTests" classname="IronCrown.Domain.Tests.WorldStateTests" runstate="Runnable" testcasecount="4" result="Passed" start-time="2026-05-28 14:46:36Z" end-time="2026-05-28 14:46:36Z" duration="0.000967" total="4" passed="4" failed="0" inconclusive="0" skipped="0" asserts="0">
              <properties />
              <test-case id="1054" name="AddCountry_RetrieveById" fullname="IronCrown.Domain.Tests.WorldStateTests.AddCountry_RetrieveById" methodname="AddCountry_RetrieveById" classname="IronCrown.Domain.Tests.WorldStateTests" runstate="Runnable" seed="1519531545" result="Passed" start-time="2026-05-28 14:46:36Z" end-time="2026-05-28 14:46:36Z" duration="0.000161" asserts="0">
                <properties>
                  <property name="retryIteration" value="0" />
                  <property name="repeatIteration" value="0" />
                </properties>
              </test-case>
              <test-case id="1056" name="AddTension_CapsAt100" fullname="IronCrown.Domain.Tests.WorldStateTests.AddTension_CapsAt100" methodname="AddTension_CapsAt100" classname="IronCrown.Domain.Tests.WorldStateTests" runstate="Runnable" seed="634777630" result="Passed" start-time="2026-05-28 14:46:36Z" end-time="2026-05-28 14:46:36Z" duration="0.000102" asserts="0">
                <properties>
                  <property name="retryIteration" value="0" />
                  <property name="repeatIteration" value="0" />
                </properties>
              </test-case>
              <test-case id="1055" name="AddUnit_RemoveUnit" fullname="IronCrown.Domain.Tests.WorldStateTests.AddUnit_RemoveUnit" methodname="AddUnit_RemoveUnit" classname="IronCrown.Domain.Tests.WorldStateTests" runstate="Runnable" seed="330186714" result="Passed" start-time="2026-05-28 14:46:36Z" end-time="2026-05-28 14:46:36Z" duration="0.000103" asserts="0">
                <properties>
                  <property name="retryIteration" value="0" />
                  <property name="repeatIteration" value="0" />
                </properties>
              </test-case>
              <test-case id="1057" name="TensionAllows_Threshold" fullname="IronCrown.Domain.Tests.WorldStateTests.TensionAllows_Threshold" methodname="TensionAllows_Threshold" classname="IronCrown.Domain.Tests.WorldStateTests" runstate="Runnable" seed="607692102" result="Passed" start-time="2026-05-28 14:46:36Z" end-time="2026-05-28 14:46:36Z" duration="0.000061" asserts="0">
                <properties>
                  <property name="retryIteration" value="0" />
                  <property name="repeatIteration" value="0" />
                </properties>
              </test-case>
            </test-suite>
          </test-suite>
        </test-suite>
      </test-suite>
    </test-suite>
    <test-suite type="Assembly" id="1066" name="IronCrown.Simulation.Tests.dll" fullname="E:/IronCrown/Library/ScriptAssemblies/IronCrown.Simulation.Tests.dll" runstate="Runnable" testcasecount="3" result="Passed" start-time="2026-05-28 14:46:36Z" end-time="2026-05-28 14:46:36Z" duration="0.001291" total="3" passed="3" failed="0" inconclusive="0" skipped="0" asserts="0">
      <properties>
        <property name="_PID" value="32580" />
        <property name="_APPDOMAIN" value="Unity Child Domain" />
        <property name="platform" value="EditMode" />
        <property name="EditorOnly" value="True" />
      </properties>
      <test-suite type="TestSuite" id="1067" name="IronCrown" fullname="IronCrown" runstate="Runnable" testcasecount="3" result="Passed" start-time="2026-05-28 14:46:36Z" end-time="2026-05-28 14:46:36Z" duration="0.001170" total="3" passed="3" failed="0" inconclusive="0" skipped="0" asserts="0">
        <properties />
        <test-suite type="TestSuite" id="1068" name="Simulation" fullname="IronCrown.Simulation" runstate="Runnable" testcasecount="3" result="Passed" start-time="2026-05-28 14:46:36Z" end-time="2026-05-28 14:46:36Z" duration="0.001110" total="3" passed="3" failed="0" inconclusive="0" skipped="0" asserts="0">
          <properties />
          <test-suite type="TestSuite" id="1069" name="Tests" fullname="IronCrown.Simulation.Tests" runstate="Runnable" testcasecount="3" result="Passed" start-time="2026-05-28 14:46:36Z" end-time="2026-05-28 14:46:36Z" duration="0.001039" total="3" passed="3" failed="0" inconclusive="0" skipped="0" asserts="0">
            <properties />
            <test-suite type="TestFixture" id="1062" name="EconomyResolverTests" fullname="IronCrown.Simulation.Tests.EconomyResolverTests" classname="IronCrown.Simulation.Tests.EconomyResolverTests" runstate="Runnable" testcasecount="3" result="Passed" start-time="2026-05-28 14:46:36Z" end-time="2026-05-28 14:46:36Z" duration="0.000962" total="3" passed="3" failed="0" inconclusive="0" skipped="0" asserts="0">
              <properties />
              <test-case id="1064" name="ResolveEconomy_HighInflation_Penalized" fullname="IronCrown.Simulation.Tests.EconomyResolverTests.ResolveEconomy_HighInflation_Penalized" methodname="ResolveEconomy_HighInflation_Penalized" classname="IronCrown.Simulation.Tests.EconomyResolverTests" runstate="Runnable" seed="2129407002" result="Passed" start-time="2026-05-28 14:46:36Z" end-time="2026-05-28 14:46:36Z" duration="0.000248" asserts="0">
                <properties>
                  <property name="retryIteration" value="0" />
                  <property name="repeatIteration" value="0" />
                </properties>
              </test-case>
              <test-case id="1065" name="ResolveEconomy_InflationDecays" fullname="IronCrown.Simulation.Tests.EconomyResolverTests.ResolveEconomy_InflationDecays" methodname="ResolveEconomy_InflationDecays" classname="IronCrown.Simulation.Tests.EconomyResolverTests" runstate="Runnable" seed="642865949" result="Passed" start-time="2026-05-28 14:46:36Z" end-time="2026-05-28 14:46:36Z" duration="0.000120" asserts="0">
                <properties>
                  <property name="retryIteration" value="0" />
                  <property name="repeatIteration" value="0" />
                </properties>
              </test-case>
              <test-case id="1063" name="ResolveEconomy_StableCountry_PositiveNetIncome" fullname="IronCrown.Simulation.Tests.EconomyResolverTests.ResolveEconomy_StableCountry_PositiveNetIncome" methodname="ResolveEconomy_StableCountry_PositiveNetIncome" classname="IronCrown.Simulation.Tests.EconomyResolverTests" runstate="Runnable" seed="1220185338" result="Passed" start-time="2026-05-28 14:46:36Z" end-time="2026-05-28 14:46:36Z" duration="0.000119" asserts="0">
                <properties>
                  <property name="retryIteration" value="0" />
                  <property name="repeatIteration" value="0" />
                </properties>
                <output><![CDATA[Saving results to: E:\IronCrown\artifacts\editmode-results.xml
]]></output>
              </test-case>
            </test-suite>
          </test-suite>
        </test-suite>
      </test-suite>
    </test-suite>
  </test-suite>
</test-run>